<?xml version="1.0" encoding="UTF-8"?>
<testsuite xmlns:xsi="http://www.w3.org/2001/XMLSchema-instance" xsi:noNamespaceSchemaLocation="https://maven.apache.org/surefire/maven-surefire-plugin/xsd/surefire-test-report.xsd" name="com.qa.test.GetAPITest" time="2.181" tests="1" errors="0" skipped="0" failures="1">
  <properties>
[...]
</properties>
  <testcase name="getAPITest" classname="com.qa.test.GetAPITest" time="1.071">
    <failure message="No such host is known (reqres.innull)" type="java.net.UnknownHostException">java.net.UnknownHostException: No such host is known (reqres.innull)
	at com.qa.test.GetAPITest.getAPITest(GetAPITest.java:38)
</failure>
  </testcase>
</testsuite>