<?xml version="1.0" encoding="UTF-8"?>
<testng-results ignored="0" total="1" passed="1" failed="0" skipped="0">
  <reporter-output>
  </reporter-output>
  <suite started-at="2020-10-13T16:30:26 CDT" name="Default suite" finished-at="2020-10-13T16:30:28 CDT" duration-ms="2288">
    <groups>
    </groups>
    <test started-at="2020-10-13T16:30:26 CDT" name="Default test" finished-at="2020-10-13T16:30:28 CDT" duration-ms="2288">
      <class name="com.qa.test.GetAPITest">
        <test-method is-config="true" signature="setUp()[pri:0, instance:com.qa.test.GetAPITest@46fa7c39]" started-at="2020-10-13T16:30:26 CDT" name="setUp" finished-at="2020-10-13T16:30:26 CDT" duration-ms="5" status="PASS">
          <reporter-output>
          </reporter-output>
        </test-method> <!-- setUp -->
        <test-method signature="getAPITest()[pri:0, instance:com.qa.test.GetAPITest@46fa7c39]" started-at="2020-10-13T16:30:26 CDT" name="getAPITest" finished-at="2020-10-13T16:30:28 CDT" duration-ms="2237" status="PASS">
          <reporter-output>
          </reporter-output>
        </test-method> <!-- getAPITest -->
      </class> <!-- com.qa.test.GetAPITest -->
    </test> <!-- Default test -->
  </suite> <!-- Default suite -->
</testng-results>
